2022-08-03 08:34:42,655 INFO     optimization_demo: ============================================================
2022-08-03 08:34:42,655 INFO     optimization_demo: Beginning operational optimization
2022-08-03 08:34:42,656 INFO     optimization_demo:    Period begins: 2021-02-24 00:00:00
2022-08-03 08:34:42,656 INFO     optimization_demo:    Period ends:   2021-02-27 00:00:00
2022-08-03 08:34:42,816 INFO     optimization_demo: seed=42, E_BSS0_pu=0.65, Vw1_0=68.6, Vw2_0=25.1, sinv0=1
2022-08-03 08:34:42,843 DEBUG    optimization_two_pumps: Beginning model initialization.
2022-08-03 08:34:42,843 DEBUG    optimization_two_pumps: Using pumping initialization method: cheapest
2022-08-03 08:34:43,244 DEBUG    optimization_two_pumps: GLPSOL--GLPK LP/MIP Solver 5.0
2022-08-03 08:34:43,245 DEBUG    optimization_two_pumps: Parameter(s) specified in the command line:
2022-08-03 08:34:43,245 DEBUG    optimization_two_pumps:  --write /tmp/tmpqb29xyvg.glpk.raw --wglp /tmp/tmp1hit3tah.glpk.glp --cpxlp
2022-08-03 08:34:43,245 DEBUG    optimization_two_pumps:  /tmp/tmpy5gfl5i9.pyomo.lp
2022-08-03 08:34:43,245 DEBUG    optimization_two_pumps: Reading problem data from '/tmp/tmpy5gfl5i9.pyomo.lp'...
2022-08-03 08:34:43,259 DEBUG    optimization_two_pumps: 292 rows, 145 columns, 10657 non-zeros
2022-08-03 08:34:43,259 DEBUG    optimization_two_pumps: 11829 lines were read
2022-08-03 08:34:43,259 DEBUG    optimization_two_pumps: Writing problem data to '/tmp/tmp1hit3tah.glpk.glp'...
2022-08-03 08:34:43,267 DEBUG    optimization_two_pumps: 11677 lines were written
2022-08-03 08:34:43,267 DEBUG    optimization_two_pumps: GLPK Simplex Optimizer 5.0
2022-08-03 08:34:43,267 DEBUG    optimization_two_pumps: 292 rows, 145 columns, 10657 non-zeros
2022-08-03 08:34:43,267 DEBUG    optimization_two_pumps: Preprocessing...
2022-08-03 08:34:43,269 DEBUG    optimization_two_pumps: 208 rows, 144 columns, 7981 non-zeros
2022-08-03 08:34:43,269 DEBUG    optimization_two_pumps: Scaling...
2022-08-03 08:34:43,269 DEBUG    optimization_two_pumps:  A: min|aij| =  5.000e-01  max|aij| =  1.000e+00  ratio =  2.000e+00
2022-08-03 08:34:43,269 DEBUG    optimization_two_pumps: Problem data seem to be well scaled
2022-08-03 08:34:43,269 DEBUG    optimization_two_pumps: Constructing initial basis...
2022-08-03 08:34:43,269 DEBUG    optimization_two_pumps: Size of triangular part is 208
2022-08-03 08:34:43,269 DEBUG    optimization_two_pumps:       0: obj =  -0.000000000e+00 inf =   4.721e+03 (63)
2022-08-03 08:34:43,278 DEBUG    optimization_two_pumps:      39: obj =   1.275159860e+02 inf =   2.132e-13 (0)
2022-08-03 08:34:43,278 DEBUG    optimization_two_pumps: *    63: obj =   2.297474523e+02 inf =   0.000e+00 (0)
2022-08-03 08:34:43,279 DEBUG    optimization_two_pumps: OPTIMAL LP SOLUTION FOUND
2022-08-03 08:34:43,279 DEBUG    optimization_two_pumps: Time used:   0.0 secs
2022-08-03 08:34:43,279 DEBUG    optimization_two_pumps: Memory used: 1.7 Mb (1833188 bytes)
2022-08-03 08:34:43,279 DEBUG    optimization_two_pumps: Writing basic solution to '/tmp/tmpqb29xyvg.glpk.raw'...
2022-08-03 08:34:43,280 DEBUG    optimization_two_pumps: 446 lines were written
2022-08-03 08:34:43,766 DEBUG    optimization_two_pumps: GLPSOL--GLPK LP/MIP Solver 5.0
2022-08-03 08:34:43,767 DEBUG    optimization_two_pumps: Parameter(s) specified in the command line:
2022-08-03 08:34:43,767 DEBUG    optimization_two_pumps:  --write /tmp/tmp9io9r_f0.glpk.raw --wglp /tmp/tmpr5kw7401.glpk.glp --cpxlp
2022-08-03 08:34:43,767 DEBUG    optimization_two_pumps:  /tmp/tmpowd5mbmo.pyomo.lp
2022-08-03 08:34:43,767 DEBUG    optimization_two_pumps: Reading problem data from '/tmp/tmpowd5mbmo.pyomo.lp'...
2022-08-03 08:34:43,773 DEBUG    optimization_two_pumps: 292 rows, 145 columns, 10657 non-zeros
2022-08-03 08:34:43,773 DEBUG    optimization_two_pumps: 11829 lines were read
2022-08-03 08:34:43,782 DEBUG    optimization_two_pumps: Writing problem data to '/tmp/tmpr5kw7401.glpk.glp'...
2022-08-03 08:34:43,790 DEBUG    optimization_two_pumps: 11677 lines were written
2022-08-03 08:34:43,790 DEBUG    optimization_two_pumps: GLPK Simplex Optimizer 5.0
2022-08-03 08:34:43,790 DEBUG    optimization_two_pumps: 292 rows, 145 columns, 10657 non-zeros
2022-08-03 08:34:43,790 DEBUG    optimization_two_pumps: Preprocessing...
2022-08-03 08:34:43,792 DEBUG    optimization_two_pumps: 207 rows, 144 columns, 7979 non-zeros
2022-08-03 08:34:43,792 DEBUG    optimization_two_pumps: Scaling...
2022-08-03 08:34:43,792 DEBUG    optimization_two_pumps:  A: min|aij| =  5.000e-01  max|aij| =  1.000e+00  ratio =  2.000e+00
2022-08-03 08:34:43,792 DEBUG    optimization_two_pumps: Problem data seem to be well scaled
2022-08-03 08:34:43,792 DEBUG    optimization_two_pumps: Constructing initial basis...
2022-08-03 08:34:43,793 DEBUG    optimization_two_pumps: Size of triangular part is 207
2022-08-03 08:34:43,793 DEBUG    optimization_two_pumps:       0: obj =  -0.000000000e+00 inf =   4.721e+03 (63)
2022-08-03 08:34:43,793 DEBUG    optimization_two_pumps:      39: obj =   1.275159860e+02 inf =   2.132e-13 (0)
2022-08-03 08:34:43,793 DEBUG    optimization_two_pumps: *    42: obj =   2.316382330e+02 inf =   2.132e-13 (0)
2022-08-03 08:34:43,793 DEBUG    optimization_two_pumps: OPTIMAL LP SOLUTION FOUND
2022-08-03 08:34:43,793 DEBUG    optimization_two_pumps: Time used:   0.0 secs
2022-08-03 08:34:43,794 DEBUG    optimization_two_pumps: Memory used: 1.7 Mb (1833176 bytes)
2022-08-03 08:34:43,794 DEBUG    optimization_two_pumps: Writing basic solution to '/tmp/tmp9io9r_f0.glpk.raw'...
2022-08-03 08:34:43,794 DEBUG    optimization_two_pumps: 446 lines were written
2022-08-03 08:34:43,825 DEBUG    optimization_two_pumps: Initialization found feasible pumping assignment at t=0.
2022-08-03 08:34:43,875 DEBUG    optimization_two_pumps: Building model
2022-08-03 08:34:45,388 INFO     optimization_two_pumps: Starting solution costs:
2022-08-03 08:34:45,388 INFO     optimization_two_pumps:     Grid energy cost: 2448.1
2022-08-03 08:34:45,388 INFO     optimization_two_pumps:     Battery use cost: 198.6
2022-08-03 08:34:45,388 INFO     optimization_two_pumps:     Inadequate water cost: 0.0 (0.0% of desired water not supplied)
2022-08-03 08:34:45,389 INFO     optimization_two_pumps:     Battery mode switching cost: 8.0
2022-08-03 08:34:45,389 INFO     optimization_two_pumps:     Pump switching cost: 1.0
2022-08-03 08:34:45,389 INFO     optimization_two_pumps:     TOTAL: 2655.7
2022-08-03 08:34:45,737 INFO     optimization_two_pumps: Solving with solver_select=scip
2022-08-03 08:34:46,467 DEBUG    optimization_two_pumps: Solver log file: '/tmp/tmp9o70t3lc_scipampl.log'
2022-08-03 08:34:46,467 DEBUG    optimization_two_pumps: Solver solution file: '/tmp/tmpu4cs4gld.pyomo.sol'
2022-08-03 08:34:46,467 DEBUG    optimization_two_pumps: Solver problem files: ('/tmp/tmpu4cs4gld.pyomo.nl',)
2022-08-03 08:34:46,515 DEBUG    optimization_two_pumps: SCIP version 8.0.1 [precision: 8 byte] [memory: block] [mode: optimized] [LP solver: Soplex 6.0.1] [GitHash: c84ee4283e]
2022-08-03 08:34:46,515 DEBUG    optimization_two_pumps: Copyright (C) 2002-2022 Konrad-Zuse-Zentrum fuer Informationstechnik Berlin (ZIB)
2022-08-03 08:34:46,516 DEBUG    optimization_two_pumps: External libraries: 
2022-08-03 08:34:46,516 DEBUG    optimization_two_pumps:   Soplex 6.0.1         Linear Programming Solver developed at Zuse Institute Berlin (soplex.zib.de) [GitHash: 8b86b300]
2022-08-03 08:34:46,516 DEBUG    optimization_two_pumps:   CppAD 20180000.0     Algorithmic Differentiation of C++ algorithms developed by B. Bell (github.com/coin-or/CppAD)
2022-08-03 08:34:46,516 DEBUG    optimization_two_pumps:   ZLIB 1.2.12          General purpose compression library by J. Gailly and M. Adler (zlib.net)
2022-08-03 08:34:46,517 DEBUG    optimization_two_pumps:   GMP 6.2.1            GNU Multiple Precision Arithmetic Library developed by T. Granlund (gmplib.org)
2022-08-03 08:34:46,517 DEBUG    optimization_two_pumps:   ZIMPL 3.5.2          Zuse Institute Mathematical Programming Language developed by T. Koch (zimpl.zib.de)
2022-08-03 08:34:46,517 DEBUG    optimization_two_pumps:   AMPL/MP 4e2d45c4     AMPL .nl file reader library (github.com/ampl/mp)
2022-08-03 08:34:46,517 DEBUG    optimization_two_pumps:   PaPILO 2.1.0         parallel presolve for integer and linear optimization (github.com/scipopt/papilo) [GitHash: 9363218]
2022-08-03 08:34:46,518 DEBUG    optimization_two_pumps:   bliss 0.77           Computing Graph Automorphism Groups by T. Junttila and P. Kaski (www.tcs.hut.fi/Software/bliss/)
2022-08-03 08:34:46,518 DEBUG    optimization_two_pumps:   Ipopt 3.14.8         Interior Point Optimizer developed by A. Waechter et.al. (github.com/coin-or/Ipopt)
2022-08-03 08:34:46,518 DEBUG    optimization_two_pumps: WARNING: unknown parameter <RatioGap>
2022-08-03 08:34:46,518 DEBUG    optimization_two_pumps: reading user parameter file <scip.set>
2022-08-03 08:34:46,519 DEBUG    optimization_two_pumps: read problem </tmp/tmpu4cs4gld.pyomo.nl>
2022-08-03 08:34:46,519 DEBUG    optimization_two_pumps: ============
2022-08-03 08:34:46,613 DEBUG    optimization_two_pumps: original problem has 1946 variables (1008 bin, 0 int, 0 impl, 938 cont) and 3307 constraints
2022-08-03 08:34:46,613 DEBUG    optimization_two_pumps: solve problem
2022-08-03 08:34:46,617 DEBUG    optimization_two_pumps: =============
2022-08-03 08:34:46,650 DEBUG    optimization_two_pumps: solution violates original bounds of variable <objconstant> [27.5664,27.5664] solution value <0>
2022-08-03 08:34:46,650 DEBUG    optimization_two_pumps: all 1 solutions given by solution candidate storage are infeasible
2022-08-03 08:34:46,668 DEBUG    optimization_two_pumps: presolving:
2022-08-03 08:34:46,711 DEBUG    optimization_two_pumps: (round 1, fast)       302 del vars, 593 del conss, 0 add conss, 1242 chg bounds, 213 chg sides, 382 chg coeffs, 0 upgd conss, 208 impls, 356 clqs
2022-08-03 08:34:46,728 DEBUG    optimization_two_pumps: (round 2, fast)       473 del vars, 880 del conss, 0 add conss, 1435 chg bounds, 547 chg sides, 850 chg coeffs, 0 upgd conss, 248 impls, 414 clqs
2022-08-03 08:34:46,739 DEBUG    optimization_two_pumps: (round 3, fast)       508 del vars, 938 del conss, 0 add conss, 1447 chg bounds, 630 chg sides, 969 chg coeffs, 0 upgd conss, 251 impls, 414 clqs
2022-08-03 08:34:46,741 DEBUG    optimization_two_pumps: (round 4, fast)       535 del vars, 964 del conss, 0 add conss, 1469 chg bounds, 636 chg sides, 975 chg coeffs, 0 upgd conss, 251 impls, 400 clqs
2022-08-03 08:34:46,751 DEBUG    optimization_two_pumps: (round 5, fast)       557 del vars, 1004 del conss, 0 add conss, 1489 chg bounds, 640 chg sides, 979 chg coeffs, 0 upgd conss, 253 impls, 391 clqs
2022-08-03 08:34:46,753 DEBUG    optimization_two_pumps: (round 6, fast)       569 del vars, 1027 del conss, 0 add conss, 1505 chg bounds, 644 chg sides, 983 chg coeffs, 0 upgd conss, 253 impls, 385 clqs
2022-08-03 08:34:46,762 DEBUG    optimization_two_pumps: (round 7, fast)       570 del vars, 1030 del conss, 0 add conss, 1505 chg bounds, 646 chg sides, 1002 chg coeffs, 0 upgd conss, 253 impls, 386 clqs
2022-08-03 08:34:46,764 DEBUG    optimization_two_pumps: (round 8, fast)       570 del vars, 1030 del conss, 0 add conss, 1662 chg bounds, 646 chg sides, 1002 chg coeffs, 0 upgd conss, 253 impls, 386 clqs
2022-08-03 08:34:46,766 DEBUG    optimization_two_pumps: (round 9, fast)       570 del vars, 1030 del conss, 0 add conss, 1662 chg bounds, 825 chg sides, 1338 chg coeffs, 0 upgd conss, 253 impls, 392 clqs
2022-08-03 08:34:46,816 DEBUG    optimization_two_pumps:    (0.2s) running MILP presolver
2022-08-03 08:34:47,171 DEBUG    optimization_two_pumps:    (0.6s) MILP presolver (51 rounds): 97 aggregations, 392 fixings, 45 bound changes
2022-08-03 08:34:47,171 DEBUG    optimization_two_pumps: (round 10, medium)     1059 del vars, 3307 del conss, 1300 add conss, 1707 chg bounds, 825 chg sides, 1338 chg coeffs, 0 upgd conss, 264 impls, 182 clqs
2022-08-03 08:34:47,187 DEBUG    optimization_two_pumps: (round 11, fast)       1068 del vars, 3314 del conss, 1300 add conss, 1707 chg bounds, 825 chg sides, 1338 chg coeffs, 0 upgd conss, 276 impls, 193 clqs
2022-08-03 08:34:47,226 DEBUG    optimization_two_pumps: (round 12, exhaustive) 1068 del vars, 3361 del conss, 1300 add conss, 1707 chg bounds, 909 chg sides, 1338 chg coeffs, 0 upgd conss, 276 impls, 193 clqs
2022-08-03 08:34:47,233 DEBUG    optimization_two_pumps: (round 13, exhaustive) 1068 del vars, 3361 del conss, 1300 add conss, 1707 chg bounds, 909 chg sides, 1338 chg coeffs, 896 upgd conss, 276 impls, 193 clqs
2022-08-03 08:34:47,236 DEBUG    optimization_two_pumps: (round 14, medium)     1068 del vars, 3373 del conss, 1324 add conss, 1707 chg bounds, 909 chg sides, 1338 chg coeffs, 896 upgd conss, 439 impls, 239 clqs
2022-08-03 08:34:47,237 DEBUG    optimization_two_pumps: (round 15, exhaustive) 1068 del vars, 3595 del conss, 1398 add conss, 1707 chg bounds, 909 chg sides, 1338 chg coeffs, 896 upgd conss, 439 impls, 239 clqs
2022-08-03 08:34:47,240 DEBUG    optimization_two_pumps: (round 16, exhaustive) 1068 del vars, 3595 del conss, 1398 add conss, 1707 chg bounds, 909 chg sides, 1362 chg coeffs, 896 upgd conss, 439 impls, 239 clqs
2022-08-03 08:34:47,240 DEBUG    optimization_two_pumps: (round 17, fast)       1080 del vars, 3619 del conss, 1398 add conss, 1707 chg bounds, 909 chg sides, 1362 chg coeffs, 896 upgd conss, 439 impls, 239 clqs
2022-08-03 08:34:47,386 DEBUG    optimization_two_pumps:    (0.8s) probing cycle finished: starting next cycle
2022-08-03 08:34:47,387 DEBUG    optimization_two_pumps: (round 18, exhaustive) 1093 del vars, 3619 del conss, 1398 add conss, 1738 chg bounds, 909 chg sides, 1362 chg coeffs, 896 upgd conss, 1137 impls, 432 clqs
2022-08-03 08:34:47,388 DEBUG    optimization_two_pumps: (round 19, fast)       1095 del vars, 3646 del conss, 1398 add conss, 1738 chg bounds, 928 chg sides, 1393 chg coeffs, 896 upgd conss, 1137 impls, 424 clqs
2022-08-03 08:34:47,388 DEBUG    optimization_two_pumps: (round 20, fast)       1095 del vars, 3646 del conss, 1398 add conss, 1738 chg bounds, 929 chg sides, 1393 chg coeffs, 896 upgd conss, 1137 impls, 424 clqs
2022-08-03 08:34:47,400 DEBUG    optimization_two_pumps: (round 21, exhaustive) 1095 del vars, 3646 del conss, 1398 add conss, 1738 chg bounds, 929 chg sides, 1393 chg coeffs, 897 upgd conss, 1137 impls, 424 clqs
2022-08-03 08:34:47,440 DEBUG    optimization_two_pumps:    (0.8s) probing: 215/537 (40.0%) - 1 fixings, 14 aggregations, 967 implications, 32 bound changes
2022-08-03 08:34:47,441 DEBUG    optimization_two_pumps:    (0.8s) probing aborted: 50/50 successive totally useless probings
2022-08-03 08:34:47,441 DEBUG    optimization_two_pumps: (round 22, exhaustive) 1097 del vars, 3646 del conss, 1398 add conss, 1739 chg bounds, 929 chg sides, 1393 chg coeffs, 897 upgd conss, 1168 impls, 432 clqs
2022-08-03 08:34:47,450 DEBUG    optimization_two_pumps: (round 23, fast)       1097 del vars, 3650 del conss, 1398 add conss, 1739 chg bounds, 930 chg sides, 1394 chg coeffs, 897 upgd conss, 1168 impls, 432 clqs
2022-08-03 08:34:47,451 DEBUG    optimization_two_pumps: (round 24, fast)       1103 del vars, 3656 del conss, 1398 add conss, 1739 chg bounds, 930 chg sides, 1394 chg coeffs, 897 upgd conss, 1168 impls, 404 clqs
2022-08-03 08:34:47,453 DEBUG    optimization_two_pumps: (round 25, exhaustive) 1103 del vars, 3656 del conss, 1398 add conss, 1739 chg bounds, 930 chg sides, 1394 chg coeffs, 901 upgd conss, 1168 impls, 404 clqs
2022-08-03 08:34:47,464 DEBUG    optimization_two_pumps:    (0.9s) probing: 302/537 (56.2%) - 1 fixings, 14 aggregations, 971 implications, 32 bound changes
2022-08-03 08:34:47,464 DEBUG    optimization_two_pumps:    (0.9s) probing aborted: 50/50 successive totally useless probings
2022-08-03 08:34:47,464 DEBUG    optimization_two_pumps:    (0.9s) symmetry computation started: requiring (bin +, int -, cont +), (fixed: bin -, int +, cont -)
2022-08-03 08:34:47,482 DEBUG    optimization_two_pumps:    (0.9s) symmetry computation finished: 19 generators found (max: 1500, log10 of symmetry group size: 9.3)
2022-08-03 08:34:47,482 DEBUG    optimization_two_pumps:    (0.9s) no symmetry on binary variables present.
2022-08-03 08:34:47,485 DEBUG    optimization_two_pumps: (round 26, exhaustive) 1103 del vars, 3656 del conss, 1441 add conss, 1739 chg bounds, 930 chg sides, 1394 chg coeffs, 901 upgd conss, 1172 impls, 404 clqs
2022-08-03 08:34:47,506 DEBUG    optimization_two_pumps: presolving (27 rounds: 27 fast, 12 medium, 10 exhaustive):
2022-08-03 08:34:47,506 DEBUG    optimization_two_pumps:  1113 deleted vars, 3668 deleted constraints, 1441 added constraints, 1739 tightened bounds, 0 added holes, 930 changed sides, 1394 changed coefficients
2022-08-03 08:34:47,506 DEBUG    optimization_two_pumps:  1172 implications, 404 cliques
2022-08-03 08:34:47,506 DEBUG    optimization_two_pumps: presolved problem has 842 variables (422 bin, 0 int, 98 impl, 322 cont) and 1080 constraints
2022-08-03 08:34:47,506 DEBUG    optimization_two_pumps:     201 constraints of type <varbound>
2022-08-03 08:34:47,506 DEBUG    optimization_two_pumps:     196 constraints of type <knapsack>
2022-08-03 08:34:47,506 DEBUG    optimization_two_pumps:      30 constraints of type <setppc>
2022-08-03 08:34:47,506 DEBUG    optimization_two_pumps:      73 constraints of type <and>
2022-08-03 08:34:47,506 DEBUG    optimization_two_pumps:     384 constraints of type <linear>
2022-08-03 08:34:47,506 DEBUG    optimization_two_pumps:     196 constraints of type <logicor>
2022-08-03 08:34:47,507 DEBUG    optimization_two_pumps: Presolving Time: 0.85
2022-08-03 08:34:47,559 DEBUG    optimization_two_pumps:  time | node  | left  |LP iter|LP it/n|mem/heur|mdpt |vars |cons |rows |cuts |sepa|confs|strbr|  dualbound   | primalbound  |  gap   | compl. 
2022-08-03 08:34:47,559 DEBUG    optimization_two_pumps:   0.9s|     1 |     0 |   477 |     - |    28M |   0 | 842 |1083 |1110 |   0 |  0 |   2 |   0 | 8.472234e+02 |      --      |    Inf | unknown
2022-08-03 08:34:47,707 DEBUG    optimization_two_pumps:   1.1s|     1 |     0 |   824 |     - |    29M |   0 | 842 |1084 |1146 |  36 |  1 |   3 |   0 | 8.591209e+02 |      --      |    Inf | unknown
2022-08-03 08:34:47,866 DEBUG    optimization_two_pumps:   1.3s|     1 |     0 |   881 |     - |    29M |   0 | 842 |1087 |1158 |  48 |  2 |   6 |   0 | 8.760654e+02 |      --      |    Inf | unknown
2022-08-03 08:34:48,051 DEBUG    optimization_two_pumps:   1.4s|     1 |     0 |   975 |     - |    29M |   0 | 842 |1088 |1177 |  67 |  3 |   7 |   0 | 8.854610e+02 |      --      |    Inf | unknown
2022-08-03 08:34:48,240 DEBUG    optimization_two_pumps:   1.6s|     1 |     0 |  1031 |     - |    30M |   0 | 842 |1088 |1191 |  81 |  4 |   7 |   0 | 8.986714e+02 |      --      |    Inf | unknown
2022-08-03 08:34:48,392 DEBUG    optimization_two_pumps:   1.8s|     1 |     0 |  1052 |     - |    30M |   0 | 842 |1088 |1201 |  91 |  5 |   7 |   0 | 9.002098e+02 |      --      |    Inf | unknown
2022-08-03 08:34:48,613 DEBUG    optimization_two_pumps:   2.0s|     1 |     0 |  1153 |     - |    30M |   0 | 842 |1090 |1212 | 102 |  6 |   9 |   0 | 1.025004e+03 |      --      |    Inf | unknown
2022-08-03 08:34:48,811 DEBUG    optimization_two_pumps:   2.2s|     1 |     0 |  1184 |     - |    31M |   0 | 842 |1090 |1223 | 113 |  7 |   9 |   0 | 1.035461e+03 |      --      |    Inf | unknown
2022-08-03 08:34:48,997 DEBUG    optimization_two_pumps:   2.4s|     1 |     0 |  1215 |     - |    31M |   0 | 842 |1090 |1231 | 121 |  8 |   9 |   0 | 1.044363e+03 |      --      |    Inf | unknown
2022-08-03 08:34:49,122 DEBUG    optimization_two_pumps:   2.5s|     1 |     0 |  1261 |     - |    31M |   0 | 842 |1093 |1243 | 133 |  9 |  12 |   0 | 1.046089e+03 |      --      |    Inf | unknown
2022-08-03 08:34:49,288 DEBUG    optimization_two_pumps:   2.7s|     1 |     0 |  1284 |     - |    32M |   0 | 842 |1093 |1250 | 140 | 10 |  12 |   0 | 1.046355e+03 |      --      |    Inf | unknown
2022-08-03 08:34:49,427 DEBUG    optimization_two_pumps:   2.8s|     1 |     0 |  1316 |     - |    32M |   0 | 842 |1095 |1261 | 151 | 11 |  14 |   0 | 1.046711e+03 |      --      |    Inf | unknown
2022-08-03 08:34:49,634 DEBUG    optimization_two_pumps:   3.0s|     1 |     0 |  1328 |     - |    33M |   0 | 842 |1096 |1265 | 155 | 12 |  15 |   0 | 1.046711e+03 |      --      |    Inf | unknown
2022-08-03 08:34:49,894 DEBUG    optimization_two_pumps:   3.3s|     1 |     0 |  1353 |     - |    33M |   0 | 842 |1097 |1269 | 159 | 13 |  16 |   0 | 1.047126e+03 |      --      |    Inf | unknown
2022-08-03 08:34:50,148 DEBUG    optimization_two_pumps:   3.5s|     1 |     0 |  1360 |     - |    34M |   0 | 842 |1098 |1273 | 163 | 14 |  17 |   0 | 1.047165e+03 |      --      |    Inf | unknown
2022-08-03 08:34:50,428 DEBUG    optimization_two_pumps:  time | node  | left  |LP iter|LP it/n|mem/heur|mdpt |vars |cons |rows |cuts |sepa|confs|strbr|  dualbound   | primalbound  |  gap   | compl. 
2022-08-03 08:34:50,429 DEBUG    optimization_two_pumps:   3.8s|     1 |     0 |  1400 |     - |    34M |   0 | 842 |1098 |1276 | 166 | 15 |  17 |   0 | 1.047500e+03 |      --      |    Inf | unknown
2022-08-03 08:34:50,693 DEBUG    optimization_two_pumps:   4.1s|     1 |     0 |  1451 |     - |    34M |   0 | 842 |1098 |1265 | 175 | 16 |  17 |   0 | 1.048932e+03 |      --      |    Inf | unknown
2022-08-03 08:34:50,938 DEBUG    optimization_two_pumps:   4.3s|     1 |     0 |  1536 |     - |    34M |   0 | 842 |1099 |1270 | 180 | 17 |  18 |   0 | 1.050201e+03 |      --      |    Inf | unknown
2022-08-03 08:34:51,288 DEBUG    optimization_two_pumps:   4.7s|     1 |     0 |  1576 |     - |    34M |   0 | 842 |1100 |1282 | 192 | 18 |  19 |   0 | 1.053108e+03 |      --      |    Inf | unknown
2022-08-03 08:34:51,661 DEBUG    optimization_two_pumps:   5.0s|     1 |     0 |  1608 |     - |    34M |   0 | 842 |1101 |1288 | 198 | 19 |  20 |   0 | 1.053482e+03 |      --      |    Inf | unknown
2022-08-03 08:34:52,022 DEBUG    optimization_two_pumps:   5.4s|     1 |     0 |  1625 |     - |    35M |   0 | 842 |1103 |1293 | 203 | 20 |  22 |   0 | 1.053817e+03 |      --      |    Inf | unknown
2022-08-03 08:34:52,378 DEBUG    optimization_two_pumps:   5.8s|     1 |     0 |  1657 |     - |    35M |   0 | 842 |1103 |1296 | 206 | 21 |  22 |   0 | 1.053986e+03 |      --      |    Inf | unknown
2022-08-03 08:34:52,597 DEBUG    optimization_two_pumps:   6.0s|     1 |     0 |  1666 |     - |    35M |   0 | 842 |1105 |1275 | 207 | 22 |  24 |   0 | 1.054015e+03 |      --      |    Inf | unknown
2022-08-03 08:34:52,871 DEBUG    optimization_two_pumps:   6.3s|     1 |     0 |  1719 |     - |    35M |   0 | 842 |1105 |1281 | 213 | 23 |  24 |   0 | 1.055372e+03 |      --      |    Inf | unknown
2022-08-03 08:34:53,113 DEBUG    optimization_two_pumps:   6.5s|     1 |     0 |  1760 |     - |    35M |   0 | 842 |1107 |1286 | 218 | 24 |  26 |   0 | 1.056139e+03 |      --      |    Inf | unknown
2022-08-03 08:34:53,313 DEBUG    optimization_two_pumps:   6.7s|     1 |     0 |  1787 |     - |    35M |   0 | 842 |1109 |1293 | 225 | 25 |  28 |   0 | 1.056167e+03 |      --      |    Inf | unknown
2022-08-03 08:34:53,498 DEBUG    optimization_two_pumps:   6.9s|     1 |     0 |  1800 |     - |    35M |   0 | 842 |1110 |1298 | 230 | 26 |  29 |   0 | 1.056266e+03 |      --      |    Inf | unknown
2022-08-03 08:34:53,780 DEBUG    optimization_two_pumps:   7.2s|     1 |     0 |  1846 |     - |    35M |   0 | 842 |1111 |1302 | 234 | 27 |  30 |   0 | 1.056474e+03 |      --      |    Inf | unknown
2022-08-03 08:34:54,203 DEBUG    optimization_two_pumps:   7.6s|     1 |     0 |  1862 |     - |    35M |   0 | 842 |1111 |1273 | 237 | 28 |  30 |   0 | 1.056492e+03 |      --      |    Inf | unknown
2022-08-03 08:34:54,604 DEBUG    optimization_two_pumps:   8.0s|     1 |     0 |  1864 |     - |    35M |   0 | 842 |1111 |1275 | 239 | 29 |  30 |   0 | 1.056492e+03 |      --      |    Inf | unknown
2022-08-03 08:34:54,911 DEBUG    optimization_two_pumps:  time | node  | left  |LP iter|LP it/n|mem/heur|mdpt |vars |cons |rows |cuts |sepa|confs|strbr|  dualbound   | primalbound  |  gap   | compl. 
2022-08-03 08:34:54,911 DEBUG    optimization_two_pumps:   8.3s|     1 |     0 |  1896 |     - |    35M |   0 | 842 |1111 |1277 | 241 | 30 |  30 |   0 | 1.056542e+03 |      --      |    Inf | unknown
2022-08-03 08:34:55,181 DEBUG    optimization_two_pumps:   8.6s|     1 |     0 |  1914 |     - |    35M |   0 | 842 |1111 |1279 | 243 | 31 |  30 |   0 | 1.056561e+03 |      --      |    Inf | unknown
2022-08-03 08:34:55,435 DEBUG    optimization_two_pumps:   8.8s|     1 |     0 |  2003 |     - |    35M |   0 | 842 |1111 |1283 | 247 | 32 |  30 |   0 | 1.057368e+03 |      --      |    Inf | unknown
2022-08-03 08:34:55,639 DEBUG    optimization_two_pumps:   9.0s|     1 |     0 |  2043 |     - |    35M |   0 | 842 |1113 |1291 | 255 | 33 |  32 |   0 | 1.057679e+03 |      --      |    Inf | unknown
2022-08-03 08:34:55,867 DEBUG    optimization_two_pumps:   9.3s|     1 |     0 |  2125 |     - |    35M |   0 | 842 |1113 |1276 | 261 | 34 |  32 |   0 | 1.058173e+03 |      --      |    Inf | unknown
2022-08-03 08:34:56,048 DEBUG    optimization_two_pumps:   9.4s|     1 |     0 |  2167 |     - |    35M |   0 | 842 |1114 |1283 | 268 | 35 |  33 |   0 | 1.058453e+03 |      --      |    Inf | unknown
2022-08-03 08:34:56,434 DEBUG    optimization_two_pumps:   9.8s|     1 |     0 |  2227 |     - |    35M |   0 | 842 |1114 |1288 | 273 | 36 |  33 |   0 | 1.058960e+03 |      --      |    Inf | unknown
2022-08-03 08:34:56,740 DEBUG    optimization_two_pumps:  10.1s|     1 |     0 |  2242 |     - |    35M |   0 | 842 |1115 |1294 | 279 | 37 |  34 |   0 | 1.058990e+03 |      --      |    Inf | unknown
2022-08-03 08:34:57,002 DEBUG    optimization_two_pumps:  10.4s|     1 |     0 |  2328 |     - |    36M |   0 | 842 |1115 |1298 | 283 | 38 |  34 |   0 | 1.059621e+03 |      --      |    Inf | unknown
2022-08-03 08:34:57,087 DEBUG    optimization_two_pumps:  10.5s|     1 |     0 |  2331 |     - |    36M |   0 | 842 |1115 |1302 | 287 | 39 |  34 |   0 | 1.059621e+03 |      --      |    Inf | unknown
2022-08-03 08:34:57,225 DEBUG    optimization_two_pumps:  10.6s|     1 |     0 |  2371 |     - |    36M |   0 | 842 |1118 |1287 | 292 | 40 |  37 |   0 | 1.059731e+03 |      --      |    Inf | unknown
2022-08-03 08:34:57,305 DEBUG    optimization_two_pumps:  10.7s|     1 |     0 |  2375 |     - |    36M |   0 | 842 |1118 |1291 | 296 | 41 |  37 |   0 | 1.059776e+03 |      --      |    Inf | unknown
2022-08-03 08:34:57,366 DEBUG    optimization_two_pumps:  10.8s|     1 |     0 |  2413 |     - |    36M |   0 | 842 |1118 |1294 | 299 | 42 |  37 |   0 | 1.060560e+03 |      --      |    Inf | unknown
2022-08-03 08:34:57,636 DEBUG    optimization_two_pumps:  11.0s|     1 |     0 |  2431 |     - |    36M |   0 | 842 |1120 |1300 | 305 | 43 |  39 |   0 | 1.060652e+03 |      --      |    Inf | unknown
2022-08-03 08:34:57,846 DEBUG    optimization_two_pumps:  11.2s|     1 |     0 |  2443 |     - |    36M |   0 | 842 |1120 |1302 | 307 | 44 |  39 |   0 | 1.060731e+03 |      --      |    Inf | unknown
2022-08-03 08:34:58,125 DEBUG    optimization_two_pumps:  time | node  | left  |LP iter|LP it/n|mem/heur|mdpt |vars |cons |rows |cuts |sepa|confs|strbr|  dualbound   | primalbound  |  gap   | compl. 
2022-08-03 08:34:58,126 DEBUG    optimization_two_pumps:  11.5s|     1 |     0 |  2459 |     - |    36M |   0 | 842 |1120 |1305 | 310 | 45 |  39 |   0 | 1.060814e+03 |      --      |    Inf | unknown
2022-08-03 08:34:58,191 DEBUG    optimization_two_pumps:  11.6s|     1 |     0 |  2464 |     - |    36M |   0 | 842 |1120 |1284 | 311 | 46 |  39 |   0 | 1.060821e+03 |      --      |    Inf | unknown
2022-08-03 08:34:58,410 DEBUG    optimization_two_pumps:  11.8s|     1 |     0 |  2477 |     - |    36M |   0 | 842 |1123 |1287 | 314 | 47 |  42 |   0 | 1.060891e+03 |      --      |    Inf | unknown
2022-08-03 08:34:58,553 DEBUG    optimization_two_pumps:  11.9s|     1 |     0 |  2480 |     - |    36M |   0 | 842 |1126 |1288 | 315 | 48 |  45 |   0 | 1.060891e+03 |      --      |    Inf | unknown
2022-08-03 08:34:58,787 DEBUG    optimization_two_pumps:  12.2s|     1 |     0 |  2481 |     - |    36M |   0 | 842 |1127 |1289 | 316 | 49 |  46 |   0 | 1.060891e+03 |      --      |    Inf | unknown
2022-08-03 08:34:59,050 DEBUG    optimization_two_pumps:  12.4s|     1 |     0 |  2484 |     - |    36M |   0 | 842 |1128 |1290 | 317 | 50 |  47 |   0 | 1.060891e+03 |      --      |    Inf | unknown
2022-08-03 08:34:59,292 DEBUG    optimization_two_pumps:  12.7s|     1 |     0 |  2503 |     - |    36M |   0 | 842 |1130 |1291 | 318 | 51 |  49 |   0 | 1.060959e+03 |      --      |    Inf | unknown
2022-08-03 08:34:59,576 DEBUG    optimization_two_pumps:  13.0s|     1 |     0 |  2511 |     - |    36M |   0 | 842 |1134 |1277 | 322 | 52 |  53 |   0 | 1.060964e+03 |      --      |    Inf | unknown
2022-08-03 08:34:59,804 DEBUG    optimization_two_pumps:  13.2s|     1 |     0 |  2519 |     - |    36M |   0 | 842 |1135 |1278 | 323 | 53 |  54 |   0 | 1.061117e+03 |      --      |    Inf | unknown
2022-08-03 08:35:00,062 DEBUG    optimization_two_pumps:  13.4s|     1 |     0 |  2525 |     - |    36M |   0 | 842 |1135 |1282 | 327 | 54 |  54 |   0 | 1.061117e+03 |      --      |    Inf | unknown
2022-08-03 08:35:00,191 DEBUG    optimization_two_pumps:  13.6s|     1 |     0 |  2535 |     - |    36M |   0 | 842 |1135 |1283 | 328 | 55 |  54 |   0 | 1.061150e+03 |      --      |    Inf | unknown
2022-08-03 08:35:00,438 DEBUG    optimization_two_pumps:  13.8s|     1 |     0 |  2540 |     - |    36M |   0 | 842 |1136 |1285 | 330 | 56 |  55 |   0 | 1.061157e+03 |      --      |    Inf | unknown
2022-08-03 08:35:00,570 DEBUG    optimization_two_pumps:  14.0s|     1 |     0 |  2543 |     - |    36M |   0 | 842 |1139 |1287 | 332 | 57 |  58 |   0 | 1.061171e+03 |      --      |    Inf | unknown
2022-08-03 08:35:00,831 DEBUG    optimization_two_pumps:  14.2s|     1 |     0 |  2544 |     - |    36M |   0 | 842 |1139 |1277 | 333 | 58 |  58 |   0 | 1.061171e+03 |      --      |    Inf | unknown
2022-08-03 08:35:00,966 DEBUG    optimization_two_pumps:  14.4s|     1 |     0 |  2546 |     - |    36M |   0 | 842 |1139 |1279 | 335 | 59 |  58 |   0 | 1.061171e+03 |      --      |    Inf | unknown
2022-08-03 08:35:01,121 DEBUG    optimization_two_pumps:  time | node  | left  |LP iter|LP it/n|mem/heur|mdpt |vars |cons |rows |cuts |sepa|confs|strbr|  dualbound   | primalbound  |  gap   | compl. 
2022-08-03 08:35:01,121 DEBUG    optimization_two_pumps:  14.5s|     1 |     0 |  2548 |     - |    36M |   0 | 842 |1140 |1281 | 337 | 60 |  59 |   0 | 1.061188e+03 |      --      |    Inf | unknown
2022-08-03 08:35:01,259 DEBUG    optimization_two_pumps:  14.6s|     1 |     0 |  2549 |     - |    36M |   0 | 842 |1140 |1282 | 338 | 61 |  59 |   0 | 1.061188e+03 |      --      |    Inf | unknown
2022-08-03 08:35:01,489 DEBUG    optimization_two_pumps:  14.9s|     1 |     0 |  2551 |     - |    36M |   0 | 842 |1140 |1283 | 339 | 62 |  59 |   0 | 1.061188e+03 |      --      |    Inf | unknown
2022-08-03 08:35:01,617 DEBUG    optimization_two_pumps:  15.0s|     1 |     0 |  2552 |     - |    36M |   0 | 842 |1140 |1284 | 340 | 63 |  59 |   0 | 1.061188e+03 |      --      |    Inf | unknown
2022-08-03 08:35:01,768 DEBUG    optimization_two_pumps:  15.2s|     1 |     0 |  2554 |     - |    37M |   0 | 842 |1142 |1277 | 342 | 64 |  61 |   0 | 1.061188e+03 |      --      |    Inf | unknown
2022-08-03 08:35:01,899 DEBUG    optimization_two_pumps:  15.3s|     1 |     0 |  2555 |     - |    37M |   0 | 842 |1142 |1278 | 343 | 65 |  61 |   0 | 1.061209e+03 |      --      |    Inf | unknown
2022-08-03 08:35:02,399 DEBUG    optimization_two_pumps: d15.8s|     1 |     0 |  3407 |     - |farkasdi|   0 | 842 |1147 |1278 |   0 | 65 |  66 |   0 | 1.061209e+03 | 2.499547e+03 | 135.54%| unknown
2022-08-03 08:35:02,665 DEBUG    optimization_two_pumps:  16.1s|     1 |     0 |  3704 |     - |    37M |   0 | 842 |1147 |1278 | 343 | 65 |  68 |   0 | 1.061209e+03 | 2.499547e+03 | 135.54%| unknown
2022-08-03 08:35:02,960 DEBUG    optimization_two_pumps:  16.3s|     1 |     0 |  3709 |     - |    37M |   0 | 842 |1148 |1280 | 345 | 66 |  69 |   0 | 1.061211e+03 | 2.499547e+03 | 135.54%| unknown
2022-08-03 08:35:02,980 DEBUG    optimization_two_pumps:  16.4s|     1 |     0 |  3715 |     - |    37M |   0 | 842 |1148 |1283 | 348 | 67 |  69 |   0 | 1.061228e+03 | 2.499547e+03 | 135.53%| unknown
2022-08-03 08:35:04,047 DEBUG    optimization_two_pumps:  17.4s|     1 |     2 |  3715 |     - |    37M |   0 | 842 |1148 |1283 | 348 | 67 |  69 |  30 | 1.066199e+03 | 2.499547e+03 | 134.44%| unknown
2022-08-03 08:35:04,047 DEBUG    optimization_two_pumps: (run 1, node 1) restarting after 15 global fixings of integer variables
2022-08-03 08:35:04,048 DEBUG    optimization_two_pumps: (restart) converted 118 cuts from the global cut pool into linear constraints
2022-08-03 08:35:04,053 DEBUG    optimization_two_pumps: presolving:
2022-08-03 08:35:04,057 DEBUG    optimization_two_pumps: (round 1, fast)       15 del vars, 58 del conss, 30 add conss, 1 chg bounds, 5 chg sides, 41 chg coeffs, 0 upgd conss, 1172 impls, 431 clqs
2022-08-03 08:35:04,059 DEBUG    optimization_two_pumps: (round 2, fast)       27 del vars, 82 del conss, 30 add conss, 1 chg bounds, 6 chg sides, 42 chg coeffs, 0 upgd conss, 1172 impls, 408 clqs
2022-08-03 08:35:04,059 DEBUG    optimization_two_pumps: (round 3, fast)       39 del vars, 82 del conss, 30 add conss, 1 chg bounds, 6 chg sides, 42 chg coeffs, 0 upgd conss, 1172 impls, 408 clqs
2022-08-03 08:35:04,061 DEBUG    optimization_two_pumps: (round 4, medium)     39 del vars, 88 del conss, 42 add conss, 1 chg bounds, 6 chg sides, 42 chg coeffs, 0 upgd conss, 1172 impls, 420 clqs
2022-08-03 08:35:04,070 DEBUG    optimization_two_pumps: (round 5, exhaustive) 39 del vars, 102 del conss, 42 add conss, 1 chg bounds, 38 chg sides, 42 chg coeffs, 0 upgd conss, 1172 impls, 420 clqs
2022-08-03 08:35:04,073 DEBUG    optimization_two_pumps: (round 6, exhaustive) 39 del vars, 102 del conss, 42 add conss, 1 chg bounds, 38 chg sides, 42 chg coeffs, 44 upgd conss, 1172 impls, 420 clqs
2022-08-03 08:35:04,074 DEBUG    optimization_two_pumps: (round 7, fast)       39 del vars, 103 del conss, 42 add conss, 1 chg bounds, 38 chg sides, 42 chg coeffs, 44 upgd conss, 1174 impls, 420 clqs
2022-08-03 08:35:04,074 DEBUG    optimization_two_pumps: (round 8, medium)     39 del vars, 105 del conss, 44 add conss, 1 chg bounds, 38 chg sides, 42 chg coeffs, 44 upgd conss, 1174 impls, 420 clqs
2022-08-03 08:35:04,076 DEBUG    optimization_two_pumps: (round 9, exhaustive) 39 del vars, 113 del conss, 44 add conss, 1 chg bounds, 38 chg sides, 43 chg coeffs, 44 upgd conss, 1174 impls, 420 clqs
2022-08-03 08:35:04,078 DEBUG    optimization_two_pumps: (round 10, exhaustive) 39 del vars, 113 del conss, 44 add conss, 1 chg bounds, 38 chg sides, 57 chg coeffs, 44 upgd conss, 1174 impls, 420 clqs
2022-08-03 08:35:04,078 DEBUG    optimization_two_pumps: (round 11, fast)       45 del vars, 125 del conss, 44 add conss, 1 chg bounds, 38 chg sides, 57 chg coeffs, 44 upgd conss, 1174 impls, 420 clqs
2022-08-03 08:35:04,082 DEBUG    optimization_two_pumps: presolving (12 rounds: 12 fast, 7 medium, 5 exhaustive):
2022-08-03 08:35:04,082 DEBUG    optimization_two_pumps:  45 deleted vars, 125 deleted constraints, 44 added constraints, 1 tightened bounds, 0 added holes, 38 changed sides, 57 changed coefficients
2022-08-03 08:35:04,082 DEBUG    optimization_two_pumps:  1174 implications, 420 cliques
2022-08-03 08:35:04,082 DEBUG    optimization_two_pumps: presolved problem has 797 variables (389 bin, 0 int, 86 impl, 322 cont) and 1185 constraints
2022-08-03 08:35:04,082 DEBUG    optimization_two_pumps:     206 constraints of type <varbound>
2022-08-03 08:35:04,082 DEBUG    optimization_two_pumps:     160 constraints of type <knapsack>
2022-08-03 08:35:04,082 DEBUG    optimization_two_pumps:      53 constraints of type <setppc>
2022-08-03 08:35:04,082 DEBUG    optimization_two_pumps:      73 constraints of type <and>
2022-08-03 08:35:04,082 DEBUG    optimization_two_pumps:     446 constraints of type <linear>
2022-08-03 08:35:04,083 DEBUG    optimization_two_pumps:     199 constraints of type <logicor>
2022-08-03 08:35:04,083 DEBUG    optimization_two_pumps:      48 constraints of type <bounddisjunction>
2022-08-03 08:35:04,083 DEBUG    optimization_two_pumps: Presolving Time: 0.88
2022-08-03 08:35:04,117 DEBUG    optimization_two_pumps:  time | node  | left  |LP iter|LP it/n|mem/heur|mdpt |vars |cons |rows |cuts |sepa|confs|strbr|  dualbound   | primalbound  |  gap   | compl. 
2022-08-03 08:35:04,117 DEBUG    optimization_two_pumps:  17.5s|     1 |     0 |  4371 |     - |    36M |   0 | 797 |1185 |1146 |   0 |  0 |  69 |  30 | 1.066199e+03 | 2.499547e+03 | 134.44%| unknown
2022-08-03 08:35:04,411 DEBUG    optimization_two_pumps:  17.8s|     1 |     0 |  4719 |     - |    36M |   0 | 797 |1185 |1191 |  45 |  1 |  69 |  30 | 1.066199e+03 | 2.499547e+03 | 134.44%| unknown
2022-08-03 08:35:04,794 DEBUG    optimization_two_pumps:  18.2s|     1 |     0 |  5011 |     - |    36M |   0 | 797 |1186 |1222 |  76 |  2 |  70 |  30 | 1.066199e+03 | 2.499547e+03 | 134.44%| unknown
2022-08-03 08:35:05,195 DEBUG    optimization_two_pumps:  18.6s|     1 |     0 |  5055 |     - |    37M |   0 | 797 |1191 |1239 |  93 |  3 |  75 |  30 | 1.066199e+03 | 2.499547e+03 | 134.44%| unknown
2022-08-03 08:35:05,661 DEBUG    optimization_two_pumps:  19.0s|     1 |     0 |  5162 |     - |    37M |   0 | 797 |1193 |1252 | 106 |  4 |  77 |  30 | 1.066199e+03 | 2.499547e+03 | 134.44%| unknown
2022-08-03 08:35:06,150 DEBUG    optimization_two_pumps:  19.5s|     1 |     0 |  5217 |     - |    37M |   0 | 797 |1193 |1260 | 114 |  5 |  77 |  30 | 1.066199e+03 | 2.499547e+03 | 134.44%| unknown
2022-08-03 08:35:06,586 DEBUG    optimization_two_pumps:  20.0s|     1 |     0 |  5283 |     - |    37M |   0 | 797 |1193 |1269 | 123 |  6 |  77 |  30 | 1.066199e+03 | 2.499547e+03 | 134.44%| unknown
2022-08-03 08:35:06,984 DEBUG    optimization_two_pumps:  20.4s|     1 |     0 |  5309 |     - |    37M |   0 | 797 |1193 |1275 | 129 |  7 |  77 |  30 | 1.066199e+03 | 2.499547e+03 | 134.44%| unknown
2022-08-03 08:35:07,438 DEBUG    optimization_two_pumps:  20.8s|     1 |     0 |  5337 |     - |    37M |   0 | 797 |1193 |1282 | 136 |  8 |  77 |  30 | 1.066199e+03 | 2.499547e+03 | 134.44%| unknown
2022-08-03 08:35:07,873 DEBUG    optimization_two_pumps:  21.3s|     1 |     0 |  5349 |     - |    37M |   0 | 797 |1194 |1287 | 141 |  9 |  78 |  30 | 1.066199e+03 | 2.499547e+03 | 134.44%| unknown
2022-08-03 08:35:08,155 DEBUG    optimization_two_pumps:  21.5s|     1 |     0 |  5357 |     - |    37M |   0 | 797 |1194 |1290 | 144 | 10 |  78 |  30 | 1.066199e+03 | 2.499547e+03 | 134.44%| unknown
2022-08-03 08:35:08,425 DEBUG    optimization_two_pumps:  21.8s|     1 |     0 |  5386 |     - |    37M |   0 | 797 |1194 |1293 | 147 | 11 |  78 |  30 | 1.066199e+03 | 2.499547e+03 | 134.44%| unknown
2022-08-03 08:35:08,677 DEBUG    optimization_two_pumps:  22.1s|     1 |     0 |  5408 |     - |    37M |   0 | 797 |1195 |1299 | 153 | 12 |  79 |  30 | 1.066199e+03 | 2.499547e+03 | 134.44%| unknown
2022-08-03 08:35:09,046 DEBUG    optimization_two_pumps:  22.4s|     1 |     0 |  5417 |     - |    38M |   0 | 797 |1197 |1235 | 156 | 13 |  81 |  30 | 1.066199e+03 | 2.499547e+03 | 134.44%| unknown
2022-08-03 08:35:09,475 DEBUG    optimization_two_pumps:  22.9s|     1 |     0 |  5426 |     - |    38M |   0 | 797 |1199 |1239 | 160 | 14 |  83 |  30 | 1.066199e+03 | 2.499547e+03 | 134.44%| unknown
2022-08-03 08:35:09,702 DEBUG    optimization_two_pumps:  time | node  | left  |LP iter|LP it/n|mem/heur|mdpt |vars |cons |rows |cuts |sepa|confs|strbr|  dualbound   | primalbound  |  gap   | compl. 
2022-08-03 08:35:09,702 DEBUG    optimization_two_pumps:  23.1s|     1 |     0 |  5443 |     - |    38M |   0 | 797 |1202 |1245 | 166 | 15 |  86 |  30 | 1.066199e+03 | 2.499547e+03 | 134.44%| unknown
2022-08-03 08:35:09,957 DEBUG    optimization_two_pumps:  23.3s|     1 |     0 |  5445 |     - |    38M |   0 | 797 |1207 |1247 | 168 | 16 |  91 |  30 | 1.066199e+03 | 2.499547e+03 | 134.44%| unknown
2022-08-03 08:35:10,352 DEBUG    optimization_two_pumps:  23.7s|     1 |     0 |  5449 |     - |    38M |   0 | 797 |1207 |1249 | 170 | 17 |  91 |  30 | 1.066199e+03 | 2.499547e+03 | 134.44%| unknown
2022-08-03 08:35:10,755 DEBUG    optimization_two_pumps:  24.1s|     1 |     0 |  5557 |     - |    38M |   0 | 797 |1208 |1254 | 175 | 18 |  92 |  30 | 1.066267e+03 | 2.499547e+03 | 134.42%| unknown
2022-08-03 08:35:11,172 DEBUG    optimization_two_pumps:  24.6s|     1 |     0 |  5598 |     - |    38M |   0 | 797 |1209 |1201 | 179 | 19 |  93 |  30 | 1.068076e+03 | 2.499547e+03 | 134.02%| unknown
2022-08-03 08:35:11,438 DEBUG    optimization_two_pumps:  24.8s|     1 |     0 |  5610 |     - |    38M |   0 | 797 |1209 |1207 | 185 | 20 |  93 |  30 | 1.068076e+03 | 2.499547e+03 | 134.02%| unknown
2022-08-03 08:35:11,839 DEBUG    optimization_two_pumps:  25.2s|     1 |     0 |  5628 |     - |    38M |   0 | 797 |1211 |1210 | 188 | 21 |  95 |  30 | 1.068085e+03 | 2.499547e+03 | 134.02%| unknown
2022-08-03 08:35:12,210 DEBUG    optimization_two_pumps:  25.6s|     1 |     0 |  5650 |     - |    38M |   0 | 797 |1211 |1212 | 190 | 22 |  95 |  30 | 1.068172e+03 | 2.499547e+03 | 134.00%| unknown
2022-08-03 08:35:12,520 DEBUG    optimization_two_pumps:  25.9s|     1 |     0 |  5653 |     - |    38M |   0 | 797 |1215 |1214 | 192 | 23 |  99 |  30 | 1.068172e+03 | 2.499547e+03 | 134.00%| unknown
2022-08-03 08:35:12,935 DEBUG    optimization_two_pumps:  26.3s|     1 |     0 |  5707 |     - |    38M |   0 | 797 |1215 |1217 | 195 | 24 |  99 |  30 | 1.068686e+03 | 2.499547e+03 | 133.89%| unknown
2022-08-03 08:35:13,375 DEBUG    optimization_two_pumps:  26.8s|     1 |     0 |  5721 |     - |    38M |   0 | 797 |1216 |1201 | 200 | 25 | 100 |  30 | 1.068846e+03 | 2.499547e+03 | 133.85%| unknown
2022-08-03 08:35:13,729 DEBUG    optimization_two_pumps:  27.1s|     1 |     0 |  5739 |     - |    38M |   0 | 797 |1219 |1205 | 204 | 26 | 103 |  30 | 1.068866e+03 | 2.499547e+03 | 133.85%| unknown
2022-08-03 08:35:14,066 DEBUG    optimization_two_pumps:  27.5s|     1 |     0 |  5748 |     - |    38M |   0 | 797 |1221 |1207 | 206 | 27 | 105 |  30 | 1.068872e+03 | 2.499547e+03 | 133.85%| unknown
2022-08-03 08:35:14,331 DEBUG    optimization_two_pumps:  27.7s|     1 |     0 |  5749 |     - |    38M |   0 | 797 |1222 |1208 | 207 | 28 | 107 |  30 | 1.068872e+03 | 2.499547e+03 | 133.85%| unknown
2022-08-03 08:35:14,565 DEBUG    optimization_two_pumps:  28.0s|     1 |     0 |  5759 |     - |    39M |   0 | 797 |1223 |1212 | 211 | 29 | 108 |  30 | 1.068899e+03 | 2.499547e+03 | 133.84%| unknown
2022-08-03 08:35:14,808 DEBUG    optimization_two_pumps:  time | node  | left  |LP iter|LP it/n|mem/heur|mdpt |vars |cons |rows |cuts |sepa|confs|strbr|  dualbound   | primalbound  |  gap   | compl. 
2022-08-03 08:35:14,808 DEBUG    optimization_two_pumps:  28.2s|     1 |     0 |  5760 |     - |    39M |   0 | 797 |1223 |1213 | 212 | 30 | 108 |  30 | 1.068899e+03 | 2.499547e+03 | 133.84%| unknown
2022-08-03 08:35:15,036 DEBUG    optimization_two_pumps:  28.4s|     1 |     0 |  5766 |     - |    39M |   0 | 797 |1223 |1190 | 214 | 31 | 108 |  30 | 1.068901e+03 | 2.499547e+03 | 133.84%| unknown
2022-08-03 08:35:15,171 DEBUG    optimization_two_pumps:  28.6s|     1 |     0 |  5777 |     - |    39M |   0 | 797 |1223 |1191 | 215 | 32 | 108 |  30 | 1.068905e+03 | 2.499547e+03 | 133.84%| unknown
2022-08-03 08:35:15,334 DEBUG    optimization_two_pumps:  28.7s|     1 |     0 |  5781 |     - |    39M |   0 | 797 |1223 |1193 | 217 | 33 | 108 |  30 | 1.068906e+03 | 2.499547e+03 | 133.84%| unknown
2022-08-03 08:35:15,512 DEBUG    optimization_two_pumps:  28.9s|     1 |     0 |  5784 |     - |    39M |   0 | 797 |1223 |1195 | 219 | 34 | 108 |  30 | 1.068907e+03 | 2.499547e+03 | 133.84%| unknown
2022-08-03 08:35:15,754 DEBUG    optimization_two_pumps:  29.1s|     1 |     0 |  5788 |     - |    39M |   0 | 797 |1223 |1198 | 222 | 35 | 108 |  30 | 1.068910e+03 | 2.499547e+03 | 133.84%| unknown
2022-08-03 08:35:15,948 DEBUG    optimization_two_pumps:  29.3s|     1 |     0 |  5791 |     - |    39M |   0 | 797 |1225 |1201 | 225 | 36 | 110 |  30 | 1.068910e+03 | 2.499547e+03 | 133.84%| unknown
2022-08-03 08:35:16,161 DEBUG    optimization_two_pumps:  29.5s|     1 |     0 |  5819 |     - |    40M |   0 | 797 |1225 |1180 | 226 | 37 | 110 |  30 | 1.069151e+03 | 2.499547e+03 | 133.79%| unknown
2022-08-03 08:35:16,414 DEBUG    optimization_two_pumps:  29.8s|     1 |     0 |  5859 |     - |    40M |   0 | 797 |1226 |1195 | 241 | 38 | 111 |  30 | 1.069416e+03 | 2.499547e+03 | 133.73%| unknown
2022-08-03 08:35:16,694 DEBUG    optimization_two_pumps:  30.1s|     1 |     0 |  5897 |     - |    40M |   0 | 797 |1226 |1217 | 263 | 39 | 111 |  30 | 1.069547e+03 | 2.499547e+03 | 133.70%| unknown
2022-08-03 08:35:16,937 DEBUG    optimization_two_pumps:  30.3s|     1 |     0 |  5920 |     - |    40M |   0 | 797 |1227 |1223 | 269 | 40 | 112 |  30 | 1.069547e+03 | 2.499547e+03 | 133.70%| unknown
2022-08-03 08:35:17,314 DEBUG    optimization_two_pumps:  30.7s|     1 |     0 |  5974 |     - |    40M |   0 | 797 |1228 |1229 | 275 | 41 | 113 |  30 | 1.069549e+03 | 2.499547e+03 | 133.70%| unknown
2022-08-03 08:35:17,484 DEBUG    optimization_two_pumps:  30.9s|     1 |     0 |  5980 |     - |    40M |   0 | 797 |1229 |1232 | 278 | 42 | 114 |  30 | 1.069549e+03 | 2.499547e+03 | 133.70%| unknown
2022-08-03 08:35:17,809 DEBUG    optimization_two_pumps:  31.2s|     1 |     0 |  5982 |     - |    40M |   0 | 797 |1229 |1223 | 280 | 43 | 114 |  30 | 1.069549e+03 | 2.499547e+03 | 133.70%| unknown
2022-08-03 08:35:18,258 DEBUG    optimization_two_pumps:  31.6s|     1 |     0 |  5987 |     - |    40M |   0 | 797 |1229 |1226 | 283 | 44 | 114 |  30 | 1.069549e+03 | 2.499547e+03 | 133.70%| unknown
2022-08-03 08:35:18,573 DEBUG    optimization_two_pumps:  time | node  | left  |LP iter|LP it/n|mem/heur|mdpt |vars |cons |rows |cuts |sepa|confs|strbr|  dualbound   | primalbound  |  gap   | compl. 
2022-08-03 08:35:18,573 DEBUG    optimization_two_pumps:  32.0s|     1 |     0 |  5999 |     - |    40M |   0 | 797 |1229 |1229 | 286 | 45 | 114 |  30 | 1.069579e+03 | 2.499547e+03 | 133.69%| unknown
2022-08-03 08:35:18,665 DEBUG    optimization_two_pumps:  32.1s|     1 |     0 |  6014 |     - |    40M |   0 | 797 |1231 |1235 | 292 | 46 | 116 |  30 | 1.069580e+03 | 2.499547e+03 | 133.69%| unknown
2022-08-03 08:35:18,878 DEBUG    optimization_two_pumps:  32.3s|     1 |     0 |  6017 |     - |    40M |   0 | 797 |1232 |1238 | 295 | 47 | 117 |  30 | 1.069580e+03 | 2.499547e+03 | 133.69%| unknown
2022-08-03 08:35:19,021 DEBUG    optimization_two_pumps:  32.4s|     1 |     0 |  6033 |     - |    40M |   0 | 797 |1232 |1242 | 299 | 48 | 117 |  30 | 1.069589e+03 | 2.499547e+03 | 133.69%| unknown
2022-08-03 08:35:19,200 DEBUG    optimization_two_pumps:  32.6s|     1 |     0 |  6035 |     - |    40M |   0 | 797 |1234 |1214 | 301 | 49 | 119 |  30 | 1.069595e+03 | 2.499547e+03 | 133.69%| unknown
2022-08-03 08:35:19,598 DEBUG    optimization_two_pumps:  33.0s|     1 |     0 |  6044 |     - |    40M |   0 | 797 |1235 |1218 | 305 | 50 | 120 |  30 | 1.069595e+03 | 2.499547e+03 | 133.69%| unknown
2022-08-03 08:35:19,818 DEBUG    optimization_two_pumps:  33.2s|     1 |     0 |  6046 |     - |    40M |   0 | 797 |1235 |1220 | 307 | 51 | 120 |  30 | 1.069595e+03 | 2.499547e+03 | 133.69%| unknown
2022-08-03 08:35:20,044 DEBUG    optimization_two_pumps:  33.4s|     1 |     0 |  6051 |     - |    40M |   0 | 797 |1236 |1221 | 308 | 52 | 121 |  30 | 1.069595e+03 | 2.499547e+03 | 133.69%| unknown
2022-08-03 08:35:20,275 DEBUG    optimization_two_pumps:  33.7s|     1 |     0 |  6052 |     - |    40M |   0 | 797 |1238 |1222 | 309 | 53 | 123 |  30 | 1.069595e+03 | 2.499547e+03 | 133.69%| unknown
2022-08-03 08:35:20,377 DEBUG    optimization_two_pumps:  33.8s|     1 |     0 |  6055 |     - |    40M |   0 | 797 |1238 |1224 | 311 | 54 | 123 |  30 | 1.069595e+03 | 2.499547e+03 | 133.69%| unknown
2022-08-03 08:35:20,479 DEBUG    optimization_two_pumps:  33.9s|     1 |     0 |  6056 |     - |    40M |   0 | 797 |1238 |1206 | 312 | 55 | 123 |  30 | 1.069595e+03 | 2.499547e+03 | 133.69%| unknown
2022-08-03 08:35:20,974 DEBUG    optimization_two_pumps: d34.4s|     1 |     0 |  7003 |     - |farkasdi|   0 | 797 |1240 |1206 |   0 | 55 | 125 |  30 | 1.069595e+03 | 2.499508e+03 | 133.69%| unknown
2022-08-03 08:35:21,225 DEBUG    optimization_two_pumps: L34.6s|     1 |     0 |  7153 |     - |    rens|   0 | 797 |1240 |1206 | 312 | 55 | 127 |  30 | 1.069595e+03 | 1.527488e+03 |  42.81%| unknown
2022-08-03 08:35:21,248 DEBUG    optimization_two_pumps:  34.6s|     1 |     0 |  7153 |     - |    40M |   0 | 797 |1229 |1206 | 312 | 55 | 127 |  30 | 1.069595e+03 | 1.527488e+03 |  42.81%| unknown
2022-08-03 08:35:21,259 DEBUG    optimization_two_pumps:  34.6s|     1 |     0 |  7153 |     - |    40M |   0 | 797 |1230 |1127 | 312 | 55 | 128 |  30 | 1.069595e+03 | 1.527488e+03 |  42.81%| unknown
2022-08-03 08:35:21,389 DEBUG    optimization_two_pumps:  time | node  | left  |LP iter|LP it/n|mem/heur|mdpt |vars |cons |rows |cuts |sepa|confs|strbr|  dualbound   | primalbound  |  gap   | compl. 
2022-08-03 08:35:21,389 DEBUG    optimization_two_pumps:  34.8s|     1 |     0 |  7154 |     - |    40M |   0 | 797 |1230 |1128 | 313 | 56 | 128 |  30 | 1.069595e+03 | 1.527488e+03 |  42.81%| unknown
2022-08-03 08:35:21,393 DEBUG    optimization_two_pumps:  34.8s|     1 |     0 |  7163 |     - |    40M |   0 | 797 |1232 |1132 | 317 | 57 | 130 |  30 | 1.069596e+03 | 1.527488e+03 |  42.81%| unknown
2022-08-03 08:35:23,216 DEBUG    optimization_two_pumps:  36.6s|     1 |     0 |  7247 |     - |    40M |   0 | 797 |1231 |1132 | 317 | 57 | 141 |  74 | 1.076517e+03 | 1.527488e+03 |  41.89%| unknown
2022-08-03 08:35:23,443 DEBUG    optimization_two_pumps:  36.8s|     1 |     0 |  7288 |     - |    40M |   0 | 797 |1230 |1143 | 328 | 58 | 142 |  74 | 1.076517e+03 | 1.527488e+03 |  41.89%| unknown
2022-08-03 08:35:23,448 DEBUG    optimization_two_pumps:  36.8s|     1 |     0 |  7300 |     - |    40M |   0 | 797 |1230 |1146 | 331 | 59 | 142 |  74 | 1.076517e+03 | 1.527488e+03 |  41.89%| unknown
2022-08-03 08:35:24,008 DEBUG    optimization_two_pumps:  37.4s|     1 |     2 |  7300 |     - |    40M |   0 | 797 |1230 |1146 | 331 | 59 | 142 |  93 | 1.076540e+03 | 1.527488e+03 |  41.89%| unknown
2022-08-03 08:35:28,633 DEBUG    optimization_two_pumps: r42.0s|    26 |    12 | 10383 | 208.0 |ziroundi|  16 | 797 |1345 |1079 | 488 |  1 | 261 | 493 | 1.076540e+03 | 1.526488e+03 |  41.80%|   5.58%
2022-08-03 08:35:35,206 DEBUG    optimization_two_pumps:  48.6s|   100 |    42 | 16874 | 119.0 |    44M |  18 | 797 |1465 |1091 | 747 |  9 | 418 | 882 | 1.076540e+03 | 1.526488e+03 |  41.80%|  17.23%
2022-08-03 08:35:39,908 DEBUG    optimization_two_pumps:  53.3s|   200 |    48 | 25302 | 101.6 |    45M |  18 | 797 |1677 |1077 |1086 |  4 | 716 |1145 | 1.076540e+03 | 1.526488e+03 |  41.80%|  18.71%
2022-08-03 08:35:42,784 DEBUG    optimization_two_pumps:  56.2s|   300 |    44 | 31161 |  87.3 |    46M |  19 | 797 |1686 |1085 |1259 |  0 | 759 |1329 | 1.158136e+03 | 1.526488e+03 |  31.81%|  61.21%
2022-08-03 08:35:43,524 DEBUG    optimization_two_pumps:  56.9s|   400 |    36 | 32537 |  68.9 |    46M |  19 | 797 |1671 |1085 |1269 |  1 | 799 |1391 | 1.158136e+03 | 1.526488e+03 |  31.81%|  73.72%
2022-08-03 08:35:44,388 DEBUG    optimization_two_pumps: SCIP Status        : problem is solved [optimal solution found]
2022-08-03 08:35:44,388 DEBUG    optimization_two_pumps: Solving Time (sec) : 57.77
2022-08-03 08:35:44,388 DEBUG    optimization_two_pumps: Solving Nodes      : 487 (total of 488 nodes in 2 runs)
2022-08-03 08:35:44,388 DEBUG    optimization_two_pumps: Primal Bound       : +1.52648774902510e+03 (4 solutions)
2022-08-03 08:35:44,388 DEBUG    optimization_two_pumps: Dual Bound         : +1.52648774902510e+03
2022-08-03 08:35:44,388 DEBUG    optimization_two_pumps: Gap                : 0.00 %
2022-08-03 08:35:44,871 INFO     optimization_two_pumps: Optimal solution costs:
2022-08-03 08:35:44,872 INFO     optimization_two_pumps:     Grid energy cost: 1192.4
2022-08-03 08:35:44,872 INFO     optimization_two_pumps:     Battery use cost: 326.1
2022-08-03 08:35:44,872 INFO     optimization_two_pumps:     Inadequate water cost: 0.0 (0.0% of desired water not supplied)
2022-08-03 08:35:44,872 INFO     optimization_two_pumps:     Battery mode switching cost: 7.0
2022-08-03 08:35:44,872 INFO     optimization_two_pumps:     Pump switching cost: 1.0
2022-08-03 08:35:44,872 INFO     optimization_two_pumps:     TOTAL: 1526.5
2022-08-03 08:35:44,872 INFO     optimization_two_pumps: Objective value change: 2655.7 -> 1526.5
2022-08-03 08:35:44,872 INFO     optimization_two_pumps: Ratio of optimal / initial: 0.57
2022-08-03 08:35:45,673 INFO     optimization_demo: Saving plots to PDF at ../results/20220803_0834/42/optimization_plots.pdf
2022-08-03 08:35:45,679 WARNING  matplotlib.font_manager: findfont: Font family ['serif'] not found. Falling back to DejaVu Sans.
2022-08-03 08:35:45,679 WARNING  matplotlib.font_manager: findfont: Generic family 'serif' not found because none of the following families were found: Times New Roman, Times, Libertine Serif
2022-08-03 08:35:45,684 WARNING  matplotlib.font_manager: findfont: Font family ['serif'] not found. Falling back to DejaVu Sans.
2022-08-03 08:35:45,684 WARNING  matplotlib.font_manager: findfont: Generic family 'serif' not found because none of the following families were found: Times New Roman, Times, Libertine Serif
